Build started 07-07-2012 03:06:04.
     1>Project "D:\swarmsdktemplate\src\materialsystem\stdshaders\stdshader_dx9_sdk.vcxproj" on node 6 (build target(s)).
     1>InitializeBuildStatus:
         Creating "Release_dx9\stdshader_dx9.unsuccessfulbuild" because "AlwaysCreate" was specified.
       ClCompile:
         C:\Program Files (x86)\Microsoft Visual Studio 10.0\VC\bin\CL.exe /c /I..\..\common /I..\..\public /I..\..\public\tier0 /I..\..\public\tier1 /Ifxctmp9 /Ivshtmp9 /I..\..\dx9sdk\include /Zi /nologo /W4 /WX- /O2 /Ob2 /Oi /Ot /Oy- /D WIN32 /D _WIN32 /D NDEBUG /D _WINDOWS /D _USRDLL /D _CRT_SECURE_NO_DEPRECATE /D _CRT_NONSTDC_NO_DEPRECATE /D DLLNAME=stdshader_dx9 /D VPCGAME=valve /D VPCGAMECAPS=VALVE /D _DLL_EXT=.dll /D COMPILER_MSVC32 /D VPCGAME=valve /D VPCGAMECAPS=VALVE /D _DLL_EXT=.dll /D COMPILER_MSVC /D MEMOVERRIDE_MODULE=stdshader_dx9 /D _DLL_EXT=.dll /D VPCGAME=valve /D VPCGAMECAPS=VALVE /D _DLL_EXT=.dll /D DLLNAME=stdshader_dx9 /D VPCGAME=valve /D VPCGAMECAPS=VALVE /D _DLL_EXT=.dll /D STDSHADER_DX9_DLL_EXPORT /D FAST_MATERIALVAR_ACCESS /D VPCGAME=valve /D VPCGAMECAPS=VALVE /D _DLL_EXT=.dll /D USE_ACTUAL_DX /D VPCGAME=valve /D VPCGAMECAPS=VALVE /D _DLL_EXT=.dll /D _WINDLL /D _MBCS /GF /Gm- /MT /GS- /Gy /arch:SSE2 /fp:fast /Zc:wchar_t /Zc:forScope /GR /Fo"Release_dx9\\" /Fd"Release_dx9\vc100.pdb" /Gd /TP /analyze- /errorReport:prompt aftershock.cpp aftershock_helper.cpp BaseVSShader.cpp Bloom.cpp BlurFilterX.cpp BlurFilterY.cpp BufferClearObeyStencil_dx9.cpp cable_dx9.cpp cloak.cpp cloak_blended_pass_helper.cpp cloak_dx9_helper.cpp colorcorrection.cpp ..\..\common\debug_dll_check.cpp debugmorphaccumulator_dx9.cpp debugmrttexture.cpp DebugTextureView.cpp DecalModulate_dx9.cpp DepthOfField_dx9.cpp depthwrite.cpp Downsample.cpp downsample_nohdr.cpp emissive_scroll_blended_pass_helper.cpp Engine_Post_dx9.cpp eye_refract.cpp eye_refract_helper.cpp eyeglint_dx9.cpp eyes_dx8_dx9_helper.cpp eyes_dx9.cpp filmdust.cpp filmgrain.cpp flesh_dx9.cpp flesh_helper.cpp flesh_interior_blended_pass_helper.cpp floatcombine.cpp floatcombine_autoexpose.cpp floattoscreen.cpp floattoscreen_vanilla.cpp gamecontrols.cpp HDRCombineTo16Bit.cpp HDRSelectRange.cpp hsl_filmgrain_pass1.cpp hsl_filmgrain_pass2.cpp hsv.cpp lightmappedgeneric_dx9.cpp lightmappedgeneric_dx9_helper.cpp lightmappedpaint_dx9_helper.cpp lightmappedreflective.cpp lightshafts.cpp lightshafts_helper.cpp ..\..\public\tier0\memoverride.cpp modulate_dx9.cpp MonitorScreen_dx9.cpp morphaccumulate_dx9.cpp morphweight_dx9.cpp motion_blur_dx9.cpp multiblend.cpp multiblend_dx9_helper.cpp object_motion_blur_dx9.cpp occlusion_dx9.cpp parallaxtest.cpp particlelitgeneric_dx9.cpp particlelitgeneric_dx9_helper.cpp particlesphere_dx9.cpp phong_dx9_helper.cpp projected.cpp projected_dx9_helper.cpp prototype.cpp prototype_helper.cpp refract.cpp refract_dx9_helper.cpp sample4x4.cpp sample4x4_blend.cpp screenspace_general.cpp shadow.cpp shadowbuild_dx9.cpp shadowmodel_dx9.cpp shatteredglass.cpp showz.cpp sky_hdr_dx9.cpp splinerope.cpp sprite_dx9.cpp spritecard.cpp teeth.cpp TreeLeaf.cpp unlitgeneric_dx9.cpp unlittwotexture_dx9.cpp vertexlitgeneric_dx9.cpp vertexlitgeneric_dx9_helper.cpp volume_clouds.cpp volume_clouds_helper.cpp vortwarp_dx9.cpp water.cpp windowimposter_dx90.cpp wireframe_dx9.cpp worldtwotextureblend.cpp worldvertextransition.cpp worldvertextransition_dx8_helper.cpp writestencil_dx9.cpp writez_dx9.cpp /MP 
         aftershock.cpp
         aftershock_helper.cpp
         BaseVSShader.cpp
         Bloom.cpp
         BlurFilterX.cpp
         BlurFilterY.cpp
         BufferClearObeyStencil_dx9.cpp
         cable_dx9.cpp
         cloak.cpp
         cloak_blended_pass_helper.cpp
         cloak_dx9_helper.cpp
         colorcorrection.cpp
     1>BlurFilterY.cpp(8): fatal error C1083: Cannot open include file: 'blurfilter_vs20.inc': No such file or directory
     1>BaseVSShader.cpp(23): fatal error C1083: Cannot open include file: 'lightmappedgeneric_flashlight_vs30.inc': No such file or directory
     1>cloak_blended_pass_helper.cpp(138): fatal error C1083: Cannot open include file: 'cloak_blended_pass_vs20.inc': No such file or directory
     1>aftershock_helper.cpp(9): fatal error C1083: Cannot open include file: 'aftershock_vs20.inc': No such file or directory
         debug_dll_check.cpp
         debugmorphaccumulator_dx9.cpp
         debugmrttexture.cpp
         DebugTextureView.cpp
     1>cable_dx9.cpp(11): fatal error C1083: Cannot open include file: 'cable_vs20.inc': No such file or directory
     1>Bloom.cpp(10): fatal error C1083: Cannot open include file: 'screenspaceeffect_vs20.inc': No such file or directory
         DecalModulate_dx9.cpp
         DepthOfField_dx9.cpp
     1>BlurFilterX.cpp(9): fatal error C1083: Cannot open include file: 'blurfilter_vs20.inc': No such file or directory
         depthwrite.cpp
     1>BufferClearObeyStencil_dx9.cpp(9): fatal error C1083: Cannot open include file: 'bufferclearobeystencil_vs20.inc': No such file or directory
         Downsample.cpp
         downsample_nohdr.cpp
     1>colorcorrection.cpp(10): fatal error C1083: Cannot open include file: 'screenspaceeffect_vs20.inc': No such file or directory
         emissive_scroll_blended_pass_helper.cpp
     1>cloak_dx9_helper.cpp(13): fatal error C1083: Cannot open include file: 'cloak_vs20.inc': No such file or directory
         Engine_Post_dx9.cpp
         eye_refract.cpp
         eye_refract_helper.cpp
     1>debugmorphaccumulator_dx9.cpp(11): fatal error C1083: Cannot open include file: 'debugmorphaccumulator_ps30.inc': No such file or directory
     1>DebugTextureView.cpp(6): fatal error C1083: Cannot open include file: 'debugtextureview_vs20.inc': No such file or directory
     1>DecalModulate_dx9.cpp(12): fatal error C1083: Cannot open include file: 'decalmodulate_vs20.inc': No such file or directory
         eyeglint_dx9.cpp
         eyes_dx8_dx9_helper.cpp
         eyes_dx9.cpp
     1>debugmrttexture.cpp(11): fatal error C1083: Cannot open include file: 'debugmrttexture_ps20.inc': No such file or directory
     1>DepthOfField_dx9.cpp(8): fatal error C1083: Cannot open include file: 'depth_of_field_vs20.inc': No such file or directory
         filmdust.cpp
     1>Downsample.cpp(11): fatal error C1083: Cannot open include file: 'downsample_ps20.inc': No such file or directory
     1>downsample_nohdr.cpp(11): fatal error C1083: Cannot open include file: 'downsample_nohdr_ps20.inc': No such file or directory
         filmgrain.cpp
         flesh_dx9.cpp
         flesh_helper.cpp
     1>depthwrite.cpp(12): fatal error C1083: Cannot open include file: 'depthwrite_ps20.inc': No such file or directory
         flesh_interior_blended_pass_helper.cpp
     1>emissive_scroll_blended_pass_helper.cpp(93): fatal error C1083: Cannot open include file: 'emissive_scroll_blended_pass_vs20.inc': No such file or directory
         floatcombine.cpp
     1>Engine_Post_dx9.cpp(10): fatal error C1083: Cannot open include file: 'screenspaceeffect_vs20.inc': No such file or directory
         floatcombine_autoexpose.cpp
     1>eye_refract_helper.cpp(9): fatal error C1083: Cannot open include file: 'eye_refract_vs20.inc': No such file or directory
         floattoscreen.cpp
         floattoscreen_vanilla.cpp
     1>eyeglint_dx9.cpp(12): fatal error C1083: Cannot open include file: 'eyeglint_vs20.inc': No such file or directory
         gamecontrols.cpp
     1>eyes_dx8_dx9_helper.cpp(13): fatal error C1083: Cannot open include file: 'eyes_vs20.inc': No such file or directory
         HDRCombineTo16Bit.cpp
     1>filmgrain.cpp(10): fatal error C1083: Cannot open include file: 'screenspaceeffect_vs20.inc': No such file or directory
         HDRSelectRange.cpp
     1>flesh_helper.cpp(12): fatal error C1083: Cannot open include file: 'flesh_vs30.inc': No such file or directory
         hsl_filmgrain_pass1.cpp
     1>filmdust.cpp(10): fatal error C1083: Cannot open include file: 'screenspaceeffect_vs20.inc': No such file or directory
         hsl_filmgrain_pass2.cpp
     1>flesh_interior_blended_pass_helper.cpp(127): fatal error C1083: Cannot open include file: 'flesh_interior_blended_pass_vs20.inc': No such file or directory
         hsv.cpp
     1>floatcombine.cpp(10): fatal error C1083: Cannot open include file: 'screenspaceeffect_vs20.inc': No such file or directory
         lightmappedgeneric_dx9.cpp
         lightmappedgeneric_dx9_helper.cpp
     1>floatcombine_autoexpose.cpp(10): fatal error C1083: Cannot open include file: 'screenspaceeffect_vs20.inc': No such file or directory
         lightmappedpaint_dx9_helper.cpp
         lightmappedreflective.cpp
     1>floattoscreen.cpp(10): fatal error C1083: Cannot open include file: 'screenspaceeffect_vs20.inc': No such file or directory
         lightshafts.cpp
     1>floattoscreen_vanilla.cpp(10): fatal error C1083: Cannot open include file: 'screenspaceeffect_vs20.inc': No such file or directory
         lightshafts_helper.cpp
     1>gamecontrols.cpp(9): fatal error C1083: Cannot open include file: 'gamecontrols_vs20.inc': No such file or directory
         memoverride.cpp
     1>HDRCombineTo16Bit.cpp(10): fatal error C1083: Cannot open include file: 'hdrcombineto16bit_ps20.inc': No such file or directory
         modulate_dx9.cpp
     1>HDRSelectRange.cpp(11): fatal error C1083: Cannot open include file: 'hdrselectrange_ps20.inc': No such file or directory
         MonitorScreen_dx9.cpp
     1>hsl_filmgrain_pass1.cpp(10): fatal error C1083: Cannot open include file: 'filmgrain_vs20.inc': No such file or directory
         morphaccumulate_dx9.cpp
     1>hsl_filmgrain_pass2.cpp(10): fatal error C1083: Cannot open include file: 'filmgrain_vs20.inc': No such file or directory
         morphweight_dx9.cpp
     1>hsv.cpp(9): fatal error C1083: Cannot open include file: 'screenspaceeffect_vs20.inc': No such file or directory
         motion_blur_dx9.cpp
     1>lightmappedgeneric_dx9_helper.cpp(13): fatal error C1083: Cannot open include file: 'lightmappedgeneric_ps20.inc': No such file or directory
         multiblend.cpp
     1>lightmappedreflective.cpp(7): fatal error C1083: Cannot open include file: 'lightmappedreflective_vs20.inc': No such file or directory
         multiblend_dx9_helper.cpp
     1>lightmappedpaint_dx9_helper.cpp(13): fatal error C1083: Cannot open include file: 'lightmappedgeneric_vs20.inc': No such file or directory
         object_motion_blur_dx9.cpp
         occlusion_dx9.cpp
     1>lightshafts_helper.cpp(9): fatal error C1083: Cannot open include file: 'lightshafts_vs30.inc': No such file or directory
         parallaxtest.cpp
         particlelitgeneric_dx9.cpp
     1>modulate_dx9.cpp(10): fatal error C1083: Cannot open include file: 'unlitgeneric_vs20.inc': No such file or directory
     1>MonitorScreen_dx9.cpp(8): fatal error C1083: Cannot open include file: 'unlittwotexture_vs20.inc': No such file or directory
         particlelitgeneric_dx9_helper.cpp
         particlesphere_dx9.cpp
         phong_dx9_helper.cpp
     1>morphaccumulate_dx9.cpp(11): fatal error C1083: Cannot open include file: 'morphaccumulate_vs30.inc': No such file or directory
         projected.cpp
         projected_dx9_helper.cpp
     1>morphweight_dx9.cpp(11): fatal error C1083: Cannot open include file: 'morphweight_vs30.inc': No such file or directory
         prototype.cpp
     1>motion_blur_dx9.cpp(9): fatal error C1083: Cannot open include file: 'motion_blur_vs20.inc': No such file or directory
         prototype_helper.cpp
     1>multiblend_dx9_helper.cpp(14): fatal error C1083: Cannot open include file: 'multiblend_vs20.inc': No such file or directory
         refract.cpp
     1>object_motion_blur_dx9.cpp(8): fatal error C1083: Cannot open include file: 'object_motion_blur_vs20.inc': No such file or directory
         refract_dx9_helper.cpp
         sample4x4.cpp
     1>occlusion_dx9.cpp(10): fatal error C1083: Cannot open include file: 'writez_vs20.inc': No such file or directory
         sample4x4_blend.cpp
     1>parallaxtest.cpp(11): fatal error C1083: Cannot open include file: 'parallaxtest_vs30.inc': No such file or directory
         screenspace_general.cpp
     1>particlesphere_dx9.cpp(11): fatal error C1083: Cannot open include file: 'particlesphere_vs20.inc': No such file or directory
         shadow.cpp
     1>phong_dx9_helper.cpp(12): fatal error C1083: Cannot open include file: 'phong_vs20.inc': No such file or directory
         shadowbuild_dx9.cpp
     1>projected_dx9_helper.cpp(13): fatal error C1083: Cannot open include file: 'projected_vs20.inc': No such file or directory
         shadowmodel_dx9.cpp
         shatteredglass.cpp
     1>prototype_helper.cpp(9): fatal error C1083: Cannot open include file: 'prototype_vs20.inc': No such file or directory
         showz.cpp
         sky_hdr_dx9.cpp
         splinerope.cpp
     1>refract_dx9_helper.cpp(11): fatal error C1083: Cannot open include file: 'refract_vs20.inc': No such file or directory
         sprite_dx9.cpp
         spritecard.cpp
     1>screenspace_general.cpp(10): fatal error C1083: Cannot open include file: 'screenspaceeffect_vs20.inc': No such file or directory
         teeth.cpp
         TreeLeaf.cpp
         unlitgeneric_dx9.cpp
     1>shadow.cpp(11): fatal error C1083: Cannot open include file: 'shadow_ps20.inc': No such file or directory
         unlittwotexture_dx9.cpp
     1>shadowbuild_dx9.cpp(13): fatal error C1083: Cannot open include file: 'unlitgeneric_vs20.inc': No such file or directory
         vertexlitgeneric_dx9.cpp
     1>shadowmodel_dx9.cpp(13): fatal error C1083: Cannot open include file: 'shadowmodel.inc': No such file or directory
         vertexlitgeneric_dx9_helper.cpp
     1>shatteredglass.cpp(11): fatal error C1083: Cannot open include file: 'shatteredglass_ps20.inc': No such file or directory
         volume_clouds.cpp
     1>showz.cpp(13): fatal error C1083: Cannot open include file: 'showz_vs11.inc': No such file or directory
         volume_clouds_helper.cpp
     1>sky_hdr_dx9.cpp(10): fatal error C1083: Cannot open include file: 'sky_vs20.inc': No such file or directory
         vortwarp_dx9.cpp
     1>splinerope.cpp(6): fatal error C1083: Cannot open include file: 'splinerope_ps20.inc': No such file or directory
         water.cpp
     1>sprite_dx9.cpp(18): fatal error C1083: Cannot open include file: 'sprite_vs20.inc': No such file or directory
         windowimposter_dx90.cpp
     1>spritecard.cpp(13): fatal error C1083: Cannot open include file: 'spritecard_ps20.inc': No such file or directory
         wireframe_dx9.cpp
     1>teeth.cpp(10): fatal error C1083: Cannot open include file: 'teeth_vs20.inc': No such file or directory
         worldtwotextureblend.cpp
     1>TreeLeaf.cpp(11): fatal error C1083: Cannot open include file: 'treeleaf_ps20.inc': No such file or directory
         worldvertextransition.cpp
     1>unlittwotexture_dx9.cpp(13): fatal error C1083: Cannot open include file: 'unlittwotexture_vs20.inc': No such file or directory
         worldvertextransition_dx8_helper.cpp
     1>vertexlitgeneric_dx9_helper.cpp(12): fatal error C1083: Cannot open include file: 'vertexlit_and_unlit_generic_vs20.inc': No such file or directory
         writestencil_dx9.cpp
     1>volume_clouds_helper.cpp(9): fatal error C1083: Cannot open include file: 'volume_clouds_vs20.inc': No such file or directory
         writez_dx9.cpp
     1>vortwarp_dx9.cpp(11): fatal error C1083: Cannot open include file: 'vortwarp_vs20.inc': No such file or directory
     1>water.cpp(13): fatal error C1083: Cannot open include file: 'watercheap_vs20.inc': No such file or directory
     1>windowimposter_dx90.cpp(10): fatal error C1083: Cannot open include file: 'windowimposter_vs20.inc': No such file or directory
     1>worldtwotextureblend.cpp(14): fatal error C1083: Cannot open include file: 'lightmappedgeneric_vs30.inc': No such file or directory
     1>worldvertextransition_dx8_helper.cpp(11): fatal error C1083: Cannot open include file: 'worldvertextransition.inc': No such file or directory
     1>writestencil_dx9.cpp(10): fatal error C1083: Cannot open include file: 'writez_vs20.inc': No such file or directory
     1>writez_dx9.cpp(11): fatal error C1083: Cannot open include file: 'writez_vs20.inc': No such file or directory
     1>Done Building Project "D:\swarmsdktemplate\src\materialsystem\stdshaders\stdshader_dx9_sdk.vcxproj" (build target(s)) -- FAILED.

Build FAILED.

Time Elapsed 00:00:04.60
